@0.000000: Output file name: C:\Users\Josh\Documents\GitHub\eecs494FinalProject\finalProject\finalProjectContent\models\frog\frog.X
@0.000022: kW X-port: 3ds max compatible version 9.00
@8.531118: Saving node: Body
@8.558532: Limiting exported UV coordinates to 1 because of available maps.
@30.639585: 15793 skinned vertices in Body
@30.723517: Material 0 shader returned effect file name 'null'
@30.732979: Saving node: HeadCenterCap
@30.733057: Saving node: Chord2
@30.733110: Saving node: Chord3
@30.733183: Saving node: Chord4
@30.733232: Saving node: Chord5
@30.733288: Saving node: Chord6
@30.733337: Saving node: hipRight
@30.733394: Saving node: legRight1
@30.733445: Saving node: legRight2
@30.733497: Saving node: legRight3
@30.733548: Saving node: legRight4
@30.733597: Saving node: legRightCap
@30.733647: Saving node: hipLeft
@30.733697: Saving node: legLeft1
@30.733744: Saving node: legLeft2
@30.733792: Saving node: legLeft3
@30.733840: Saving node: legLeft4
@30.733887: Saving node: legLeftCap
@30.733939: Saving node: shoulderRight
@30.733988: Saving node: armRight1
@30.734035: Saving node: armRight2
@30.734082: Saving node: armRight3
@30.734140: Saving node: armRight4
@30.734187: Saving node: armRightCap
@30.734236: Saving node: shoulderLeft
@30.734280: Saving node: armLeft1
@30.734329: Saving node: armLeft2
@30.734375: Saving node: armLeft3
@30.734419: Saving node: armLeft4
@30.734463: Saving node: armLeftCap
@30.734524: Saving node: IK_Chain001
@30.734574: Saving node: IK_Chain002
@30.734623: Saving node: IK_Chain003
@30.734670: Saving node: IK_Chain004
@30.734710: Extracting animation tongue.
@30.753169: Extracting animation stand.
@30.753930: Extracting animation walk.
@31.583900: File C:\Users\Josh\Documents\GitHub\eecs494FinalProject\finalProject\finalProjectContent\workInProgress\models\Frog\frog_texture.png has same mod time as C:\Users\Josh\Documents\GitHub\eecs494FinalProject\finalProject\finalProjectContent\models\frog\frog_texture.png; not copying.
