@0.000000: Output file name: D:\Documents\GitHub\eecs494FinalProject\finalProject\finalProjectContent\models\eagle\eagle.X
@0.000142: kW X-port: 3ds max compatible version 9.00
@176.322170: Saving node: parrot
@176.360838: Limiting exported UV coordinates to 1 because of available maps.
@189.556194: 10680 skinned vertices in parrot
@189.598649: Material 0 shader returned effect file name 'null'
@189.607741: Saving node: Dummy001
@189.608482: Saving node: Chord1
@189.609054: Saving node: Chord2
@189.609622: Saving node: Chord3
@189.610188: Saving node: Chord4
@189.610755: Saving node: ChordCap
@189.611327: Saving node: LegLeft1
@189.611941: Saving node: LegLeft2
@189.612516: Saving node: LegLeft3
@189.613092: Saving node: LegLeftCap
@189.613665: Saving node: LegRight1
@189.614240: Saving node: LegRight2
@189.614840: Saving node: LegRight3
@189.615416: Saving node: LegRightCap
@189.616005: Saving node: Head1
@189.616646: Saving node: Head1Cap
@189.617257: Saving node: ArmLeft1
@189.617822: Saving node: ArmLeft1Cap
@189.618389: Saving node: ArmRight1
@189.618947: Saving node: ArmRight1Cap
@189.619267: Saving node: IK_Chain001
@189.619338: Saving node: IK_Chain002
@189.619395: Extracting animation flap_air.
@189.816761: Extracting animation glide.
@189.817536: Extracting animation flap_ground.
@190.023438: Extracting animation walk.
@190.128633: Extracting animation stand.
@190.453811: Copying file D:\Documents\GitHub\eecs494FinalProject\finalProject\finalProjectContent\workInProgress\models\Eagle\eagle_texture.png to D:\Documents\GitHub\eecs494FinalProject\finalProject\finalProjectContent\models\eagle\eagle_texture.png.
