@0.000001: Output file name: C:\Users\Josh\Documents\GitHub\eecs494Chimera\Chimera\ChimeraContent\models\playerBean\playerBean.X
@0.000027: kW X-port: 3ds max compatible version 9.00
@6.606099: Saving node: playerBean
@6.614251: Limiting exported UV coordinates to 1 because of available maps.
@9.004381: 4938 skinned vertices in playerBean
@9.026759: Material 0 shader returned effect file name 'null'
@9.029723: Saving node: Chord1
@9.029802: Saving node: Chord2
@9.029857: Saving node: Chord3
@9.029928: Saving node: Chord4
@9.029994: Saving node: Chord5
@9.030067: Saving node: Chord6
@9.030137: Saving node: Chord7
@9.030201: Saving node: Chord8
@9.030249: Saving node: ChordCap
@9.030296: Saving node: LegRearRight3
@9.030341: Saving node: LegRearRight3Cap
@9.030386: Saving node: LegRearLeft3
@9.030433: Saving node: LegRearLeft3Cap
@9.030478: Saving node: LegRearRight2
@9.030527: Saving node: LegRearRight2Cap
@9.030572: Saving node: LegRearLeft2
@9.030616: Saving node: LegRearLeft2Cap
@9.030677: Saving node: Spine3
@9.030737: Saving node: Spine3Cap
@9.030802: Saving node: LegRearRight1
@9.030860: Saving node: LegRearRight1Cap
@9.030909: Saving node: LegRearLeft1
@9.030953: Saving node: LegRearLeft1Cap
@9.031010: Saving node: LegFrontRight3
@9.031056: Saving node: LegFrontRight3Cap
@9.031101: Saving node: LegFrontLeft3
@9.031144: Saving node: LegFrontLeft3Cap
@9.031189: Saving node: Spine2
@9.031233: Saving node: Spine2Cap
@9.031278: Saving node: LegFrontRight2
@9.031322: Saving node: LegFrontRight2Cap
@9.031366: Saving node: LegFrontRight1
@9.031410: Saving node: LegFrontRight1Cap
@9.031454: Saving node: LegFrontLeft2
@9.031499: Saving node: LegFrontLeft2Cap
@9.031543: Saving node: LegFrontLeft1
@9.031586: Saving node: LegFrontLeft1Cap
@9.031630: Saving node: ArmRight1
@9.031676: Saving node: ArmRight1Cap
@9.031720: Saving node: ArmRight3
@9.031764: Saving node: ArmRight3Cap
@9.031809: Saving node: ArmRight2
@9.031853: Saving node: ArmRight2Cap
@9.031898: Saving node: ArmLeft1
@9.031942: Saving node: ArmLeft1Cap
@9.032004: Saving node: ArmLeft3
@9.032049: Saving node: ArmLeft3Cap
@9.032096: Saving node: ArmLeft2
@9.032138: Saving node: ArmLeft2Cap
@9.032183: Saving node: Spine1
@9.032225: Saving node: Spine1Cap
@9.032268: Saving node: HeadRight
@9.032311: Saving node: HeadRightCap
@9.032355: Saving node: HeadLeft
@9.032397: Saving node: HeadLeftCap
@9.032443: Saving node: HeadCenter
@9.032486: Saving node: HeadCenterCap
@9.032548: Saving node: IK_Chain001
@9.032588: Extracting animation jump.
@9.153449: Extracting animation stand.
@9.154883: Extracting animation walk.
@9.499372: File C:\Users\Josh\Documents\GitHub\eecs494Chimera\Chimera\ChimeraContent\models\playerBean\playerBean_texture.png has same mod time as C:\Users\Josh\Documents\GitHub\eecs494Chimera\Chimera\ChimeraContent\models\playerBean\playerBean_texture.png; not copying.
