@0.000000: Output file name: D:\Documents\GitHub\eecs494Chimera\Chimera\ChimeraContent\models\eagle\eagle.X
@0.000034: kW X-port: 3ds max compatible version 9.00
@2.821328: Saving node: parrot
@2.853635: Limiting exported UV coordinates to 1 because of available maps.
@16.004182: 10680 skinned vertices in parrot
@16.046199: Material 0 shader returned effect file name 'null'
@16.055095: Saving node: Dummy001
@16.055202: Saving node: Chord1
@16.055266: Saving node: Chord2
@16.055326: Saving node: Chord3
@16.055384: Saving node: Chord4
@16.055452: Saving node: ChordCap
@16.055515: Saving node: LegLeft1
@16.055574: Saving node: LegLeft2
@16.055634: Saving node: LegLeft3
@16.055695: Saving node: LegLeftCap
@16.055757: Saving node: LegRight1
@16.055823: Saving node: LegRight2
@16.055888: Saving node: LegRight3
@16.055948: Saving node: LegRightCap
@16.056008: Saving node: Head1
@16.056065: Saving node: Head1Cap
@16.056127: Saving node: ArmLeft1
@16.056185: Saving node: ArmLeft1Cap
@16.056248: Saving node: ArmRight1
@16.056305: Saving node: ArmRight1Cap
@16.056382: Saving node: IK_Chain001
@16.056445: Saving node: IK_Chain002
@16.056507: Extracting animation flap_air.
@16.253654: Extracting animation glide.
@16.254415: Extracting animation flap_ground.
@16.458245: Extracting animation walk.
@16.562786: Extracting animation stand.
@16.885164: File D:\Documents\GitHub\eecs494Chimera\Chimera\ChimeraContent\workInProgress\models\Eagle\eagle_texture.png has same mod time as D:\Documents\GitHub\eecs494Chimera\Chimera\ChimeraContent\models\eagle\eagle_texture.png; not copying.
