@0.000001: Output file name: C:\Users\Josh\Documents\GitHub\eecs494FinalProject\finalProject\finalProjectContent\models\cobra\cobra_head.X
@0.000024: kW X-port: 3ds max compatible version 9.00
@1.704292: Saving node: Head
@1.711570: Limiting exported UV coordinates to 1 because of available maps.
@3.463172: 4290 skinned vertices in Head
@3.481852: Material 0 shader returned effect file name 'null'
@3.484326: Saving node: Neck1
@3.484390: Saving node: Neck2
@3.484449: Saving node: Neck3
@3.484495: Saving node: Neck4
@3.484541: Saving node: Neck5
@3.484594: Saving node: Head1
@3.484638: Saving node: jawUpper1
@3.484681: Saving node: JawUpper2
@3.484725: Saving node: JawUpperCap
@3.484769: Saving node: Head2
@3.484812: Saving node: JawLower1
@3.484856: Saving node: JawLower2
@3.484900: Saving node: JawLowerCap
@3.484937: Extracting animation spit.
@3.486716: Extracting animation stand.
@3.486932: Extracting animation walk.
@3.602683: File C:\Users\Josh\Documents\GitHub\eecs494FinalProject\finalProject\finalProjectContent\workInProgress\models\Cobra\cobra_texture.png has same mod time as C:\Users\Josh\Documents\GitHub\eecs494FinalProject\finalProject\finalProjectContent\models\cobra\cobra_texture.png; not copying.
