@0.000000: Output file name: D:\Documents\GitHub\eecs494FinalProject\finalProject\finalProjectContent\models\playerBean\playerBean.X
@0.000019: kW X-port: 3ds max compatible version 9.00
@102.860951: Saving node: playerBean
@102.883119: Limiting exported UV coordinates to 1 because of available maps.
@105.860550: 4938 skinned vertices in playerBean
@105.881267: Material 0 shader returned effect file name 'null'
@105.886066: Saving node: Chord1
@105.886569: Saving node: Chord2
@105.887061: Saving node: Chord3
@105.887567: Saving node: Chord4
@105.888063: Saving node: Chord5
@105.888560: Saving node: Chord6
@105.889058: Saving node: Chord7
@105.889558: Saving node: Chord8
@105.890111: Saving node: ChordCap
@105.890619: Saving node: LegRearRight3
@105.891132: Saving node: LegRearRight3Cap
@105.891638: Saving node: LegRearLeft3
@105.892146: Saving node: LegRearLeft3Cap
@105.892650: Saving node: LegRearRight2
@105.893159: Saving node: LegRearRight2Cap
@105.893662: Saving node: LegRearLeft2
@105.894167: Saving node: LegRearLeft2Cap
@105.894736: Saving node: Spine3
@105.895302: Saving node: Spine3Cap
@105.895802: Saving node: LegRearRight1
@105.896303: Saving node: LegRearRight1Cap
@105.896809: Saving node: LegRearLeft1
@105.897309: Saving node: LegRearLeft1Cap
@105.897805: Saving node: LegFrontRight3
@105.898301: Saving node: LegFrontRight3Cap
@105.898796: Saving node: LegFrontLeft3
@105.899297: Saving node: LegFrontLeft3Cap
@105.899805: Saving node: Spine2
@105.900346: Saving node: Spine2Cap
@105.900842: Saving node: LegFrontRight2
@105.901334: Saving node: LegFrontRight2Cap
@105.901827: Saving node: LegFrontRight1
@105.902322: Saving node: LegFrontRight1Cap
@105.902814: Saving node: LegFrontLeft2
@105.903313: Saving node: LegFrontLeft2Cap
@105.903807: Saving node: LegFrontLeft1
@105.904312: Saving node: LegFrontLeft1Cap
@105.904804: Saving node: ArmRight1
@105.905350: Saving node: ArmRight1Cap
@105.905839: Saving node: ArmRight3
@105.906329: Saving node: ArmRight3Cap
@105.906823: Saving node: ArmRight2
@105.907313: Saving node: ArmRight2Cap
@105.907811: Saving node: ArmLeft1
@105.908320: Saving node: ArmLeft1Cap
@105.908811: Saving node: ArmLeft3
@105.909333: Saving node: ArmLeft3Cap
@105.909822: Saving node: ArmLeft2
@105.910350: Saving node: ArmLeft2Cap
@105.910841: Saving node: Spine1
@105.911330: Saving node: Spine1Cap
@105.911865: Saving node: HeadRight
@105.912353: Saving node: HeadRightCap
@105.912837: Saving node: HeadLeft
@105.913326: Saving node: HeadLeftCap
@105.913820: Saving node: HeadCenter
@105.914306: Saving node: HeadCenterCap
@105.914616: Saving node: IK_Chain001
@105.914668: Extracting animation jump.
@106.053281: Extracting animation walk.
@106.344905: Extracting animation stand.
@106.527003: Copying file D:\Desktop\beanPlayer\playerBean_texture.png to D:\Documents\GitHub\eecs494FinalProject\finalProject\finalProjectContent\models\playerBean\playerBean_texture.png.
