@0.000000: Output file name: D:\Documents\GitHub\eecs494FinalProject\finalProject\finalProjectContent\models\lizard\lizard.X
@0.000037: kW X-port: 3ds max compatible version 9.00
@1.839812: Saving node: Body
@1.853662: Limiting exported UV coordinates to 1 because of available maps.
@4.594952: 4789 skinned vertices in Body
@4.622059: Material 0 shader returned effect file name 'null'
@4.626254: Saving node: HeadCenter1Cap
@4.626324: Saving node: Chord2
@4.626387: Saving node: Chord3
@4.626448: Saving node: Chord4
@4.626507: Saving node: Chord5
@4.626579: Saving node: Chord6
@4.626639: Saving node: Chord7
@4.626698: Saving node: Chord8
@4.626756: Saving node: Chord9
@4.626815: Saving node: Chord10
@4.626873: Saving node: ChordCap
@4.626946: Saving node: LegRearRight1
@4.627008: Saving node: LegRearRight2
@4.627065: Saving node: LegRearRight3
@4.627131: Saving node: LegRearRight4
@4.627190: Saving node: LegRearRightCap
@4.627252: Saving node: LegRearLeft1
@4.627310: Saving node: LegRearLeft2
@4.627374: Saving node: LegRearLeft3
@4.627434: Saving node: LegRearLeft4
@4.627493: Saving node: LegRearLeftCap
@4.627551: Saving node: LegFrontRight1
@4.627612: Saving node: LegFrontRight2
@4.627673: Saving node: LegFrontRight3
@4.627731: Saving node: LegFrontRight4
@4.627790: Saving node: LegFrontRightCap
@4.627850: Saving node: LegFrontLeft1
@4.627915: Saving node: LegFrontLeft2
@4.627974: Saving node: LegFrontLeft3
@4.628033: Saving node: LegFrontLeft4
@4.628090: Saving node: LegFrontLeftCap
@4.628182: Saving node: IK_Chain003
@4.628249: Saving node: IK_Chain004
@4.628323: Saving node: IK_Chain005
@4.628386: Saving node: IK_Chain006
@4.628435: Extracting animation spit.
@4.698073: Extracting animation walk.
@5.334541: Extracting animation stand.
@5.483188: File D:\Documents\GitHub\eecs494FinalProject\finalProject\finalProjectContent\workInProgress\models\Lizard\lizard_texture.png has same mod time as D:\Documents\GitHub\eecs494FinalProject\finalProject\finalProjectContent\models\lizard\lizard_texture.png; not copying.
