@0.000000: Output file name: D:\Documents\GitHub\eecs494FinalProject\finalProject\finalProjectContent\models\kangaroo\kangaroo_rightLeg.X
@0.000036: kW X-port: 3ds max compatible version 9.00
@1.241663: Saving node: RightLeg
@1.245576: Limiting exported UV coordinates to 1 because of available maps.
@1.544248: 1368 skinned vertices in RightLeg
@1.548533: Material 0 shader returned effect file name 'null'
@1.549862: Saving node: LegRight1
@1.549932: Saving node: LegRight2
@1.549993: Saving node: LegRight3
@1.550059: Saving node: LegRight4
@1.550116: Saving node: LegRight5
@1.550180: Saving node: LegRightCap
@1.550249: Saving node: IK_Chain005
@1.550311: Saving node: IK_Chain006
@1.550362: Extracting animation charge.
@1.600063: Extracting animation jump.
@1.611013: Extracting animation pound.
@1.625920: Extracting animation walk.
@1.660233: Extracting animation stand.
@1.701941: File D:\Documents\GitHub\eecs494FinalProject\finalProject\finalProjectContent\workInProgress\models\Kangaroo\kangaroo_texture.png has same mod time as D:\Documents\GitHub\eecs494FinalProject\finalProject\finalProjectContent\models\kangaroo\kangaroo_texture.png; not copying.
