@0.000000: Output file name: D:\Documents\GitHub\eecs494FinalProject\finalProject\finalProjectContent\models\kangaroo\kangaroo_leftLeg.X
@0.000020: kW X-port: 3ds max compatible version 9.00
@2.443774: Saving node: LeftLeg
@2.449377: Limiting exported UV coordinates to 1 because of available maps.
@2.813807: 1368 skinned vertices in LeftLeg
@2.817767: Material 0 shader returned effect file name 'null'
@2.819466: Saving node: LegLeft1
@2.819812: Saving node: LegLeft2
@2.820141: Saving node: LegLeft3
@2.820472: Saving node: LegLeft4
@2.820805: Saving node: LegLeft5
@2.821140: Saving node: LegLeftCap
@2.821345: Saving node: IK_Chain007
@2.821413: Saving node: IK_Chain008
@2.821467: Extracting animation walk.
@2.854608: Extracting animation pound.
@2.868520: Extracting animation jump.
@2.879945: Extracting animation charge.
@2.930042: Extracting animation stand.
@2.974139: File D:\Documents\GitHub\eecs494FinalProject\finalProject\finalProjectContent\workInProgress\models\Kangaroo\kangaroo_texture.png has same mod time as D:\Documents\GitHub\eecs494FinalProject\finalProject\finalProjectContent\models\kangaroo\kangaroo_texture.png; not copying.
